0 info it worked if it ends with ok
1 verbose cli [ 'c:\\Program Files\\nodejs\\node.exe',
1 verbose cli   'c:\\Program Files\\nodejs\\node_modules\\npm\\bin\\npm-cli.js',
1 verbose cli   'start' ]
2 info using npm@3.3.12
3 info using node@v5.1.0
4 verbose run-script [ 'prestart', 'start', 'poststart' ]
5 info lifecycle routebuilder@0.0.1~prestart: routebuilder@0.0.1
6 silly lifecycle routebuilder@0.0.1~prestart: no script for prestart, continuing
7 info lifecycle routebuilder@0.0.1~start: routebuilder@0.0.1
8 verbose lifecycle routebuilder@0.0.1~start: unsafe-perm in lifecycle true
9 verbose lifecycle routebuilder@0.0.1~start: PATH: c:\Program Files\nodejs\node_modules\npm\bin\node-gyp-bin;c:\Users\User\Desktop\KelvinDocs\HTML5 Gmaps\HostedApp-2015-12-12\NodeApp\routebuilder\node_modules\.bin;c:\Users\User\bin;.;C:\Program Files (x86)\Git\local\bin;C:\Program Files (x86)\Git\mingw\bin;C:\Program Files (x86)\Git\bin;C:\Program Files (x86)\Git\bin;c:\ProgramData\Oracle\Java\javapath;%COSMOSM%;c:\Program Files (x86)\NVIDIA Corporation\PhysX\Common;c:\Windows\system32;c:\Windows;c:\Windows\System32\Wbem;c:\Windows\System32\WindowsPowerShell\v1.0\;c:\Program Files (x86)\Intel\OpenCL SDK\2.0\bin\x86;c:\Program Files (x86)\Intel\OpenCL SDK\2.0\bin\x64;c:\Program Files\Microsoft\Web Platform Installer\;c:\Program Files (x86)\Microsoft ASP.NET\ASP.NET Web Pages\v1.0\;c:\Program Files (x86)\Microsoft SQL Server\110\Tools\Binn\;c:\Program Files\Microsoft SQL Server\110\Tools\Binn\;c:\Program Files\Microsoft SQL Server\110\DTS\Binn\;c:\Program Files (x86)\Heroku\bin;C:\Program Files (x86)\Git\cmd;c:\Program Files (x86)\Microsoft SDKs\TypeScript\1.4\;c:\Program Files (x86)\CMake\bin;c:\Program Files\Microsoft SQL Server\Client SDK\ODBC\110\Tools\Binn\;c:\Program Files (x86)\Microsoft SQL Server\120\Tools\Binn\;c:\Program Files\Microsoft SQL Server\120\Tools\Binn\;c:\Program Files\Microsoft SQL Server\120\DTS\Binn\;c:\Program Files (x86)\Microsoft SQL Server\120\Tools\Binn\ManagementStudio\;c:\Program Files (x86)\Microsoft SQL Server\120\DTS\Binn\;d:\Program Files (x86)\Lua\5.1;d:\Program Files (x86)\Lua\5.1\clibs;c:\Program Files\cURL\bin;C:\Program Files (x86)\Git\cmd;c:\HashiCorp\Vagrant\bin;c:\Program Files (x86)\Skype\Phone\;c:\Program Files (x86)\GNU\GnuPG\pub;c:\Program Files (x86)\GtkSharp\2.12\bin;%USERPROFILE%\.dnx\bin;c:\Program Files\Microsoft DNX\Dnvm\;c:\Program Files\nodejs\;c:\Program Files (x86)\Windows Kits\10\Windows Performance Toolkit\;d:\Program Files (x86)\Brackets\command;d:\RailsInstaller\Ruby2.1.0\bin;d:\Users\User\Anaconda;d:\Users\User\Anaconda\Scripts;c:\Program Files\Java\jre7\bin;c:\Users\User\AppData\Local\.meteor\;c:\Program Files\Oracle\VirtualBox;c:\MinGW\bin;c:\Program Files (x86)\GnuWin32\include;c:\Program Files (x86)\GnuWin32\bin;C:\Program Files (x86)\Git\bin; D;C:\Program Files (x86)\Git\Program Files\PostgreSQL\9.4\bin;c:\Program Files (x86)\Google\google_appengine\;d:\Program Files\PostgreSQL\9.4\bin;c:\Users\User\AppData\Roaming\npm;d:\Android\sdk\platform-tools;d:\Users\User\AppData\Local\Google\Cloud SDK\google-cloud-sdk\bin;d:\Users\User\AppData\Local\Google\Cloud SDK\google-cloud-sdk\bin
10 verbose lifecycle routebuilder@0.0.1~start: CWD: c:\Users\User\Desktop\KelvinDocs\HTML5 Gmaps\HostedApp-2015-12-12\NodeApp\routebuilder
11 silly lifecycle routebuilder@0.0.1~start: Args: [ '/d /s /c', 'node ./bin/www' ]
12 silly lifecycle routebuilder@0.0.1~start: Returned: code: 1  signal: null
13 info lifecycle routebuilder@0.0.1~start: Failed to exec start script
14 verbose stack Error: routebuilder@0.0.1 start: `node ./bin/www`
14 verbose stack Exit status 1
14 verbose stack     at EventEmitter.<anonymous> (c:\Program Files\nodejs\node_modules\npm\lib\utils\lifecycle.js:232:16)
14 verbose stack     at emitTwo (events.js:87:13)
14 verbose stack     at EventEmitter.emit (events.js:172:7)
14 verbose stack     at ChildProcess.<anonymous> (c:\Program Files\nodejs\node_modules\npm\lib\utils\spawn.js:24:14)
14 verbose stack     at emitTwo (events.js:87:13)
14 verbose stack     at ChildProcess.emit (events.js:172:7)
14 verbose stack     at maybeClose (internal/child_process.js:818:16)
14 verbose stack     at Process.ChildProcess._handle.onexit (internal/child_process.js:211:5)
15 verbose pkgid routebuilder@0.0.1
16 verbose cwd c:\Users\User\Desktop\KelvinDocs\HTML5 Gmaps\HostedApp-2015-12-12\NodeApp\routebuilder
17 error Windows_NT 6.1.7601
18 error argv "c:\\Program Files\\nodejs\\node.exe" "c:\\Program Files\\nodejs\\node_modules\\npm\\bin\\npm-cli.js" "start"
19 error node v5.1.0
20 error npm  v3.3.12
21 error code ELIFECYCLE
22 error routebuilder@0.0.1 start: `node ./bin/www`
22 error Exit status 1
23 error Failed at the routebuilder@0.0.1 start script 'node ./bin/www'.
23 error Make sure you have the latest version of node.js and npm installed.
23 error If you do, this is most likely a problem with the routebuilder package,
23 error not with npm itself.
23 error Tell the author that this fails on your system:
23 error     node ./bin/www
23 error You can get their info via:
23 error     npm owner ls routebuilder
23 error There is likely additional logging output above.
24 verbose exit [ 1, true ]
