0 info it worked if it ends with ok
1 verbose cli [ 'C:\\Program Files\\nodejs\\node.exe',
1 verbose cli   'C:\\Program Files\\nodejs\\node_modules\\npm\\bin\\npm-cli.js',
1 verbose cli   'start' ]
2 info using npm@3.3.12
3 info using node@v5.1.0
4 verbose run-script [ 'prestart', 'start', 'poststart' ]
5 info lifecycle routebuilder@0.0.1~prestart: routebuilder@0.0.1
6 silly lifecycle routebuilder@0.0.1~prestart: no script for prestart, continuing
7 info lifecycle routebuilder@0.0.1~start: routebuilder@0.0.1
8 verbose lifecycle routebuilder@0.0.1~start: unsafe-perm in lifecycle true
9 verbose lifecycle routebuilder@0.0.1~start: PATH: C:\Program Files\nodejs\node_modules\npm\bin\node-gyp-bin;C:\Users\User\Desktop\KelvinDocs\HTML5 Gmaps\HostedApp-2015-12-12\NodeApp\routebuilder\node_modules\.bin;C:\ProgramData\Oracle\Java\javapath;%COSMOSM%;C:\Program Files (x86)\NVIDIA Corporation\PhysX\Common;C:\Windows\system32;C:\Windows;C:\Windows\System32\Wbem;C:\Windows\System32\WindowsPowerShell\v1.0\;C:\Program Files (x86)\Intel\OpenCL SDK\2.0\bin\x86;C:\Program Files (x86)\Intel\OpenCL SDK\2.0\bin\x64;C:\Program Files\Microsoft\Web Platform Installer\;C:\Program Files (x86)\Microsoft ASP.NET\ASP.NET Web Pages\v1.0\;C:\Program Files (x86)\Microsoft SQL Server\110\Tools\Binn\;C:\Program Files\Microsoft SQL Server\110\Tools\Binn\;C:\Program Files\Microsoft SQL Server\110\DTS\Binn\;C:\Program Files (x86)\Heroku\bin;C:\Program Files (x86)\git\cmd;C:\Program Files (x86)\Microsoft SDKs\TypeScript\1.4\;C:\Program Files (x86)\CMake\bin;C:\Program Files\Microsoft SQL Server\Client SDK\ODBC\110\Tools\Binn\;C:\Program Files (x86)\Microsoft SQL Server\120\Tools\Binn\;C:\Program Files\Microsoft SQL Server\120\Tools\Binn\;C:\Program Files\Microsoft SQL Server\120\DTS\Binn\;C:\Program Files (x86)\Microsoft SQL Server\120\Tools\Binn\ManagementStudio\;C:\Program Files (x86)\Microsoft SQL Server\120\DTS\Binn\;D:\Program Files (x86)\Lua\5.1;D:\Program Files (x86)\Lua\5.1\clibs;C:\Program Files\cURL\bin;C:\Program Files (x86)\Git\cmd;C:\HashiCorp\Vagrant\bin;C:\Program Files (x86)\Skype\Phone\;C:\Program Files (x86)\GNU\GnuPG\pub;C:\Program Files (x86)\GtkSharp\2.12\bin;C:\Windows\system32\config\systemprofile\.dnx\bin;C:\Program Files\Microsoft DNX\Dnvm\;C:\Program Files\nodejs\;C:\Program Files (x86)\Windows Kits\10\Windows Performance Toolkit\;D:\Program Files (x86)\Brackets\command;D:\RailsInstaller\Ruby2.1.0\bin;D:\Users\User\Anaconda;D:\Users\User\Anaconda\Scripts;C:\Program Files\Java\jre7\bin;C:\Users\User\AppData\Local\.meteor\;C:\Program Files\Oracle\VirtualBox;C:\MinGW\bin;C:\Program Files (x86)\GnuWin32\include;C:\Program Files (x86)\GnuWin32\bin;C:\Program Files (x86)\Git\bin; D:\Program Files\PostgreSQL\9.4\bin;C:\Program Files (x86)\Google\google_appengine\;D:\Program Files\PostgreSQL\9.4\bin;C:\Users\User\AppData\Roaming\npm;D:\Android\sdk\platform-tools
10 verbose lifecycle routebuilder@0.0.1~start: CWD: C:\Users\User\Desktop\KelvinDocs\HTML5 Gmaps\HostedApp-2015-12-12\NodeApp\routebuilder
11 silly lifecycle routebuilder@0.0.1~start: Args: [ '/d /s /c', 'node ./bin/www' ]
12 silly lifecycle routebuilder@0.0.1~start: Returned: code: 1  signal: null
13 info lifecycle routebuilder@0.0.1~start: Failed to exec start script
14 verbose stack Error: routebuilder@0.0.1 start: `node ./bin/www`
14 verbose stack Exit status 1
14 verbose stack     at EventEmitter.<anonymous> (C:\Program Files\nodejs\node_modules\npm\lib\utils\lifecycle.js:232:16)
14 verbose stack     at emitTwo (events.js:87:13)
14 verbose stack     at EventEmitter.emit (events.js:172:7)
14 verbose stack     at ChildProcess.<anonymous> (C:\Program Files\nodejs\node_modules\npm\lib\utils\spawn.js:24:14)
14 verbose stack     at emitTwo (events.js:87:13)
14 verbose stack     at ChildProcess.emit (events.js:172:7)
14 verbose stack     at maybeClose (internal/child_process.js:818:16)
14 verbose stack     at Process.ChildProcess._handle.onexit (internal/child_process.js:211:5)
15 verbose pkgid routebuilder@0.0.1
16 verbose cwd C:\Users\User\Desktop\KelvinDocs\HTML5 Gmaps\HostedApp-2015-12-12\NodeApp\routebuilder\routes
17 error Windows_NT 6.1.7601
18 error argv "C:\\Program Files\\nodejs\\node.exe" "C:\\Program Files\\nodejs\\node_modules\\npm\\bin\\npm-cli.js" "start"
19 error node v5.1.0
20 error npm  v3.3.12
21 error code ELIFECYCLE
22 error routebuilder@0.0.1 start: `node ./bin/www`
22 error Exit status 1
23 error Failed at the routebuilder@0.0.1 start script 'node ./bin/www'.
23 error Make sure you have the latest version of node.js and npm installed.
23 error If you do, this is most likely a problem with the routebuilder package,
23 error not with npm itself.
23 error Tell the author that this fails on your system:
23 error     node ./bin/www
23 error You can get their info via:
23 error     npm owner ls routebuilder
23 error There is likely additional logging output above.
24 verbose exit [ 1, true ]
